<?xml version="1.0" encoding="UTF-8"?>
<!-- Generated by org.testng.reporters.JUnitReportReporter -->
<testsuite skipped="0" hostname="DESKTOP-A3IF0UD" name="com.appium.amazon.Runner" tests="1" failures="0" timestamp="2021-02-14T15:50:44 IST" time="71.841" errors="0">
  <testcase name="Test" time="71.841" classname="com.appium.amazon.Runner"/>
  <system-out/>
</testsuite> <!-- com.appium.amazon.Runner -->
