<?xml version="1.0" encoding="UTF-8"?>
<!-- Generated by org.testng.reporters.JUnitReportReporter -->
<testsuite skipped="0" hostname="DESKTOP-A3IF0UD" name="com.appium.test.DemoTest" tests="1" failures="0" timestamp="2021-02-20T11:53:45 IST" time="64.388" errors="0">
  <testcase name="Test" time="64.388" classname="com.appium.test.DemoTest"/>
  <system-out/>
</testsuite> <!-- com.appium.test.DemoTest -->
