<?xml version="1.0" encoding="UTF-8"?>
<!-- Generated by org.testng.reporters.JUnitReportReporter -->
<testsuite skipped="0" hostname="DESKTOP-A3IF0UD" name="test.DemoTest" tests="1" failures="0" timestamp="2021-02-24T16:39:39 IST" time="95.582" errors="0">
  <testcase name="test" time="95.582" classname="test.DemoTest"/>
  <system-out/>
</testsuite> <!-- test.DemoTest -->
